{"C:\\Users\\iwpre\\Projects\\school\\csc-307-BigBallers\\307-big-ballers\\src\\app\\login\\page.js": {"path":"C:\\Users\\iwpre\\Projects\\school\\csc-307-BigBallers\\307-big-ballers\\src\\app\\login\\page.js","statementMap":{"0":{"start":{"line":7,"column":24},"end":{"line":7,"column":null}},"1":{"start":{"line":3,"column":25},"end":{"line":3,"column":null}},"2":{"start":{"line":4,"column":26},"end":{"line":4,"column":null}},"3":{"start":{"line":5,"column":25},"end":{"line":5,"column":null}},"4":{"start":{"line":8,"column":26},"end":{"line":8,"column":null}},"5":{"start":{"line":9,"column":28},"end":{"line":9,"column":null}},"6":{"start":{"line":10,"column":34},"end":{"line":10,"column":null}},"7":{"start":{"line":11,"column":28},"end":{"line":11,"column":null}},"8":{"start":{"line":12,"column":32},"end":{"line":12,"column":null}},"9":{"start":{"line":13,"column":32},"end":{"line":13,"column":null}},"10":{"start":{"line":14,"column":17},"end":{"line":14,"column":null}},"11":{"start":{"line":16,"column":30},"end":{"line":16,"column":45}},"12":{"start":{"line":16,"column":45},"end":{"line":16,"column":61}},"13":{"start":{"line":16,"column":61},"end":{"line":16,"column":79}},"14":{"start":{"line":19,"column":4},"end":{"line":19,"column":null}},"15":{"start":{"line":20,"column":4},"end":{"line":20,"column":22}},"16":{"start":{"line":20,"column":22},"end":{"line":20,"column":38}},"17":{"start":{"line":20,"column":38},"end":{"line":20,"column":null}},"18":{"start":{"line":21,"column":22},"end":{"line":21,"column":null}},"19":{"start":{"line":22,"column":4},"end":{"line":22,"column":null}},"20":{"start":{"line":23,"column":4},"end":{"line":24,"column":null}},"21":{"start":{"line":23,"column":15},"end":{"line":23,"column":null}},"22":{"start":{"line":24,"column":9},"end":{"line":24,"column":null}},"23":{"start":{"line":28,"column":4},"end":{"line":28,"column":null}},"24":{"start":{"line":29,"column":4},"end":{"line":29,"column":22}},"25":{"start":{"line":29,"column":22},"end":{"line":29,"column":38}},"26":{"start":{"line":29,"column":38},"end":{"line":29,"column":null}},"27":{"start":{"line":30,"column":28},"end":{"line":30,"column":null}},"28":{"start":{"line":31,"column":4},"end":{"line":31,"column":null}},"29":{"start":{"line":32,"column":4},"end":{"line":35,"column":null}},"30":{"start":{"line":32,"column":15},"end":{"line":32,"column":null}},"31":{"start":{"line":33,"column":9},"end":{"line":35,"column":null}},"32":{"start":{"line":33,"column":50},"end":{"line":33,"column":null}},"33":{"start":{"line":34,"column":9},"end":{"line":35,"column":null}},"34":{"start":{"line":34,"column":27},"end":{"line":34,"column":null}},"35":{"start":{"line":35,"column":9},"end":{"line":35,"column":null}},"36":{"start":{"line":63,"column":27},"end":{"line":63,"column":null}},"37":{"start":{"line":67,"column":26},"end":{"line":67,"column":null}},"38":{"start":{"line":68,"column":25},"end":{"line":68,"column":null}},"39":{"start":{"line":75,"column":27},"end":{"line":75,"column":null}},"40":{"start":{"line":79,"column":26},"end":{"line":79,"column":null}},"41":{"start":{"line":80,"column":25},"end":{"line":80,"column":null}},"42":{"start":{"line":97,"column":53},"end":{"line":97,"column":75}},"43":{"start":{"line":103,"column":53},"end":{"line":103,"column":74}}},"fnMap":{"0":{"name":"LoginPage","decl":{"start":{"line":7,"column":24},"end":{"line":7,"column":null}},"loc":{"start":{"line":7,"column":24},"end":{"line":113,"column":null}}},"1":{"name":"switchMode","decl":{"start":{"line":16,"column":11},"end":{"line":16,"column":22}},"loc":{"start":{"line":16,"column":26},"end":{"line":16,"column":null}}},"2":{"name":"handleLogin","decl":{"start":{"line":18,"column":17},"end":{"line":18,"column":29}},"loc":{"start":{"line":18,"column":30},"end":{"line":25,"column":null}}},"3":{"name":"handleSignup","decl":{"start":{"line":27,"column":17},"end":{"line":27,"column":30}},"loc":{"start":{"line":27,"column":31},"end":{"line":36,"column":null}}},"4":{"name":"(anonymous_5)","decl":{"start":{"line":63,"column":22},"end":{"line":63,"column":27}},"loc":{"start":{"line":63,"column":27},"end":{"line":63,"column":null}}},"5":{"name":"(anonymous_6)","decl":{"start":{"line":67,"column":21},"end":{"line":67,"column":26}},"loc":{"start":{"line":67,"column":26},"end":{"line":67,"column":null}}},"6":{"name":"(anonymous_7)","decl":{"start":{"line":68,"column":20},"end":{"line":68,"column":25}},"loc":{"start":{"line":68,"column":25},"end":{"line":68,"column":null}}},"7":{"name":"(anonymous_8)","decl":{"start":{"line":75,"column":22},"end":{"line":75,"column":27}},"loc":{"start":{"line":75,"column":27},"end":{"line":75,"column":null}}},"8":{"name":"(anonymous_9)","decl":{"start":{"line":79,"column":21},"end":{"line":79,"column":26}},"loc":{"start":{"line":79,"column":26},"end":{"line":79,"column":null}}},"9":{"name":"(anonymous_10)","decl":{"start":{"line":80,"column":20},"end":{"line":80,"column":25}},"loc":{"start":{"line":80,"column":25},"end":{"line":80,"column":null}}},"10":{"name":"(anonymous_11)","decl":{"start":{"line":97,"column":47},"end":{"line":97,"column":53}},"loc":{"start":{"line":97,"column":53},"end":{"line":97,"column":75}}},"11":{"name":"(anonymous_12)","decl":{"start":{"line":103,"column":47},"end":{"line":103,"column":53}},"loc":{"start":{"line":103,"column":53},"end":{"line":103,"column":74}}}},"branchMap":{"0":{"loc":{"start":{"line":23,"column":4},"end":{"line":24,"column":null}},"type":"if","locations":[{"start":{"line":23,"column":4},"end":{"line":24,"column":null}},{"start":{"line":24,"column":9},"end":{"line":24,"column":null}}]},"1":{"loc":{"start":{"line":32,"column":4},"end":{"line":35,"column":null}},"type":"if","locations":[{"start":{"line":32,"column":4},"end":{"line":35,"column":null}},{"start":{"line":33,"column":9},"end":{"line":35,"column":null}}]},"2":{"loc":{"start":{"line":33,"column":9},"end":{"line":35,"column":null}},"type":"if","locations":[{"start":{"line":33,"column":9},"end":{"line":35,"column":null}},{"start":{"line":34,"column":9},"end":{"line":35,"column":null}}]},"3":{"loc":{"start":{"line":34,"column":9},"end":{"line":35,"column":null}},"type":"if","locations":[{"start":{"line":34,"column":9},"end":{"line":35,"column":null}},{"start":{"line":35,"column":9},"end":{"line":35,"column":null}}]},"4":{"loc":{"start":{"line":49,"column":20},"end":{"line":49,"column":null}},"type":"cond-expr","locations":[{"start":{"line":49,"column":39},"end":{"line":49,"column":53}},{"start":{"line":49,"column":53},"end":{"line":49,"column":null}}]},"5":{"loc":{"start":{"line":53,"column":13},"end":{"line":53,"column":null}},"type":"cond-expr","locations":[{"start":{"line":53,"column":32},"end":{"line":53,"column":59}},{"start":{"line":53,"column":59},"end":{"line":53,"column":null}}]},"6":{"loc":{"start":{"line":56,"column":11},"end":{"line":56,"column":22}},"type":"binary-expr","locations":[{"start":{"line":56,"column":11},"end":{"line":56,"column":22}}]},"7":{"loc":{"start":{"line":57,"column":11},"end":{"line":57,"column":22}},"type":"binary-expr","locations":[{"start":{"line":57,"column":11},"end":{"line":57,"column":22}}]},"8":{"loc":{"start":{"line":89,"column":13},"end":{"line":91,"column":null}},"type":"cond-expr","locations":[{"start":{"line":90,"column":17},"end":{"line":90,"column":null}},{"start":{"line":91,"column":17},"end":{"line":91,"column":null}}]},"9":{"loc":{"start":{"line":90,"column":17},"end":{"line":90,"column":null}},"type":"cond-expr","locations":[{"start":{"line":90,"column":36},"end":{"line":90,"column":54}},{"start":{"line":90,"column":54},"end":{"line":90,"column":null}}]},"10":{"loc":{"start":{"line":91,"column":17},"end":{"line":91,"column":null}},"type":"cond-expr","locations":[{"start":{"line":91,"column":36},"end":{"line":91,"column":47}},{"start":{"line":91,"column":47},"end":{"line":91,"column":null}}]},"11":{"loc":{"start":{"line":96,"column":14},"end":{"line":102,"column":16}},"type":"cond-expr","locations":[{"start":{"line":96,"column":14},"end":{"line":102,"column":16}}]}},"s":{"0":13,"1":1,"2":1,"3":1,"4":37,"5":37,"6":37,"7":37,"8":37,"9":37,"10":37,"11":8,"12":8,"13":8,"14":3,"15":3,"16":3,"17":3,"18":3,"19":2,"20":2,"21":1,"22":1,"23":5,"24":5,"25":5,"26":5,"27":5,"28":4,"29":4,"30":1,"31":3,"32":1,"33":2,"34":1,"35":1,"36":1,"37":1,"38":1,"39":1,"40":1,"41":1,"42":7,"43":1},"f":{"0":37,"1":8,"2":3,"3":5,"4":1,"5":1,"6":1,"7":1,"8":1,"9":1,"10":7,"11":1},"b":{"0":[1,1],"1":[1,3],"2":[1,2],"3":[1,1],"4":[21,16],"5":[21,16],"6":[37],"7":[37],"8":[8,29],"9":[3,5],"10":[18,11],"11":[21]}}
}
