TN:
SF:src\app\login\page.js
FN:7,LoginPage
FN:16,switchMode
FN:18,handleLogin
FN:27,handleSignup
FN:63,(anonymous_5)
FN:67,(anonymous_6)
FN:68,(anonymous_7)
FN:75,(anonymous_8)
FN:79,(anonymous_9)
FN:80,(anonymous_10)
FN:97,(anonymous_11)
FN:103,(anonymous_12)
FNF:12
FNH:12
FNDA:37,LoginPage
FNDA:8,switchMode
FNDA:3,handleLogin
FNDA:5,handleSignup
FNDA:1,(anonymous_5)
FNDA:1,(anonymous_6)
FNDA:1,(anonymous_7)
FNDA:1,(anonymous_8)
FNDA:1,(anonymous_9)
FNDA:1,(anonymous_10)
FNDA:7,(anonymous_11)
FNDA:1,(anonymous_12)
DA:3,1
DA:4,1
DA:5,1
DA:7,13
DA:8,37
DA:9,37
DA:10,37
DA:11,37
DA:12,37
DA:13,37
DA:14,37
DA:16,8
DA:19,3
DA:20,3
DA:21,3
DA:22,2
DA:23,2
DA:24,1
DA:28,5
DA:29,5
DA:30,5
DA:31,4
DA:32,4
DA:33,3
DA:34,2
DA:35,1
DA:63,1
DA:67,1
DA:68,1
DA:75,1
DA:79,1
DA:80,1
DA:97,7
DA:103,1
LF:34
LH:34
BRDA:23,0,0,1
BRDA:23,0,1,1
BRDA:32,1,0,1
BRDA:32,1,1,3
BRDA:33,2,0,1
BRDA:33,2,1,2
BRDA:34,3,0,1
BRDA:34,3,1,1
BRDA:49,4,0,21
BRDA:49,4,1,16
BRDA:53,5,0,21
BRDA:53,5,1,16
BRDA:56,6,0,37
BRDA:57,7,0,37
BRDA:89,8,0,8
BRDA:89,8,1,29
BRDA:90,9,0,3
BRDA:90,9,1,5
BRDA:91,10,0,18
BRDA:91,10,1,11
BRDA:96,11,0,21
BRF:21
BRH:21
end_of_record
